

================================================================
== Vivado HLS Report for 'KeccakF1600_StatePermute'
================================================================
* Date:           Wed May 20 13:13:08 2020

* Version:        2019.2 (Build 2704478 on Wed Nov 06 22:10:23 MST 2019)
* Project:        dilithium1.prj
* Solution:       keccak
* Product family: artix7
* Target device:  xc7a200t-fbg676-2


================================================================
== Performance Estimates
================================================================
+ Timing: 
    * Summary: 
    +--------+----------+----------+------------+
    |  Clock |  Target  | Estimated| Uncertainty|
    +--------+----------+----------+------------+
    |ap_clk  | 10.00 ns | 6.812 ns |   1.25 ns  |
    +--------+----------+----------+------------+

+ Latency: 
    * Summary: 
    +---------+---------+----------+----------+-----+-----+---------+
    |  Latency (cycles) |  Latency (absolute) |  Interval | Pipeline|
    |   min   |   max   |    min   |    max   | min | max |   Type  |
    +---------+---------+----------+----------+-----+-----+---------+
    |       50|       50| 0.500 us | 0.500 us |   50|   50|   none  |
    +---------+---------+----------+----------+-----+-----+---------+

    + Detail: 
        * Instance: 
        N/A

        * Loop: 
        +----------+---------+---------+----------+-----------+-----------+------+----------+
        |          |  Latency (cycles) | Iteration|  Initiation Interval  | Trip |          |
        | Loop Name|   min   |   max   |  Latency |  achieved |   target  | Count| Pipelined|
        +----------+---------+---------+----------+-----------+-----------+------+----------+
        |- Loop 1  |       24|       24|         2|          -|          -|    12|    no    |
        +----------+---------+---------+----------+-----------+-----------+------+----------+



================================================================
== Utilization Estimates
================================================================
* Summary: 
+-----------------+---------+-------+--------+--------+-----+
|       Name      | BRAM_18K| DSP48E|   FF   |   LUT  | URAM|
+-----------------+---------+-------+--------+--------+-----+
|DSP              |        -|      -|       -|       -|    -|
|Expression       |        -|      -|       0|   16198|    -|
|FIFO             |        -|      -|       -|       -|    -|
|Instance         |        -|      -|       -|       -|    -|
|Memory           |        2|      -|       0|       0|    -|
|Multiplexer      |        -|      -|       -|     733|    -|
|Register         |        -|      -|    3110|       -|    -|
+-----------------+---------+-------+--------+--------+-----+
|Total            |        2|      0|    3110|   16931|    0|
+-----------------+---------+-------+--------+--------+-----+
|Available        |      730|    740|  269200|  134600|    0|
+-----------------+---------+-------+--------+--------+-----+
|Utilization (%)  |    ~0   |      0|       1|      12|    0|
+-----------------+---------+-------+--------+--------+-----+

+ Detail: 
    * Instance: 
    N/A

    * DSP48E: 
    N/A

    * Memory: 
    +------------------------+----------------------+---------+---+----+-----+------+-----+------+-------------+
    |         Memory         |        Module        | BRAM_18K| FF| LUT| URAM| Words| Bits| Banks| W*Bits*Banks|
    +------------------------+----------------------+---------+---+----+-----+------+-----+------+-------------+
    |KeccakF_RoundConstan_U  |KeccakF1600_Statebkb  |        2|  0|   0|    0|    24|   64|     1|         1536|
    +------------------------+----------------------+---------+---+----+-----+------+-----+------+-------------+
    |Total                   |                      |        2|  0|   0|    0|    24|   64|     1|         1536|
    +------------------------+----------------------+---------+---+----+-----+------+-----+------+-------------+

    * FIFO: 
    N/A

    * Expression: 
    +------------------------+----------+-------+---+-----+------------+------------+
    |      Variable Name     | Operation| DSP48E| FF| LUT | Bitwidth P0| Bitwidth P1|
    +------------------------+----------+-------+---+-----+------------+------------+
    |add_ln99_fu_769_p2      |     +    |      0|  0|   39|          32|           1|
    |round_fu_803_p2         |     +    |      0|  0|   15|           2|           5|
    |and_ln168_fu_1183_p2    |    and   |      0|  0|   64|          64|          64|
    |and_ln170_fu_1207_p2    |    and   |      0|  0|   64|          64|          64|
    |and_ln171_fu_1225_p2    |    and   |      0|  0|   64|          64|          64|
    |and_ln172_fu_1243_p2    |    and   |      0|  0|   64|          64|          64|
    |and_ln173_fu_1261_p2    |    and   |      0|  0|   64|          64|          64|
    |and_ln185_fu_1419_p2    |    and   |      0|  0|   64|          64|          64|
    |and_ln186_fu_1437_p2    |    and   |      0|  0|   64|          64|          64|
    |and_ln187_fu_1455_p2    |    and   |      0|  0|   64|          64|          64|
    |and_ln188_fu_1473_p2    |    and   |      0|  0|   64|          64|          64|
    |and_ln189_fu_1491_p2    |    and   |      0|  0|   64|          64|          64|
    |and_ln201_fu_1647_p2    |    and   |      0|  0|   64|          64|          64|
    |and_ln202_fu_1665_p2    |    and   |      0|  0|   64|          64|          64|
    |and_ln203_fu_1683_p2    |    and   |      0|  0|   64|          64|          64|
    |and_ln204_fu_1701_p2    |    and   |      0|  0|   64|          64|          64|
    |and_ln205_fu_1719_p2    |    and   |      0|  0|   64|          64|          64|
    |and_ln217_fu_1877_p2    |    and   |      0|  0|   64|          64|          64|
    |and_ln218_fu_1895_p2    |    and   |      0|  0|   64|          64|          64|
    |and_ln219_fu_1913_p2    |    and   |      0|  0|   64|          64|          64|
    |and_ln220_fu_1931_p2    |    and   |      0|  0|   64|          64|          64|
    |and_ln221_fu_1949_p2    |    and   |      0|  0|   64|          64|          64|
    |and_ln233_fu_2107_p2    |    and   |      0|  0|   64|          64|          64|
    |and_ln234_fu_2125_p2    |    and   |      0|  0|   64|          64|          64|
    |and_ln235_fu_2143_p2    |    and   |      0|  0|   64|          64|          64|
    |and_ln236_fu_2161_p2    |    and   |      0|  0|   64|          64|          64|
    |and_ln237_fu_2179_p2    |    and   |      0|  0|   64|          64|          64|
    |and_ln263_fu_2565_p2    |    and   |      0|  0|   64|          64|          64|
    |and_ln265_fu_2589_p2    |    and   |      0|  0|   64|          64|          64|
    |and_ln266_fu_2607_p2    |    and   |      0|  0|   64|          64|          64|
    |and_ln267_fu_2625_p2    |    and   |      0|  0|   64|          64|          64|
    |and_ln268_fu_2643_p2    |    and   |      0|  0|   64|          64|          64|
    |and_ln280_fu_2801_p2    |    and   |      0|  0|   64|          64|          64|
    |and_ln281_fu_2819_p2    |    and   |      0|  0|   64|          64|          64|
    |and_ln282_fu_2837_p2    |    and   |      0|  0|   64|          64|          64|
    |and_ln283_fu_2855_p2    |    and   |      0|  0|   64|          64|          64|
    |and_ln284_fu_2873_p2    |    and   |      0|  0|   64|          64|          64|
    |and_ln296_fu_3029_p2    |    and   |      0|  0|   64|          64|          64|
    |and_ln297_fu_3047_p2    |    and   |      0|  0|   64|          64|          64|
    |and_ln298_fu_3065_p2    |    and   |      0|  0|   64|          64|          64|
    |and_ln299_fu_3083_p2    |    and   |      0|  0|   64|          64|          64|
    |and_ln300_fu_3101_p2    |    and   |      0|  0|   64|          64|          64|
    |and_ln312_fu_3259_p2    |    and   |      0|  0|   64|          64|          64|
    |and_ln313_fu_3277_p2    |    and   |      0|  0|   64|          64|          64|
    |and_ln314_fu_3295_p2    |    and   |      0|  0|   64|          64|          64|
    |and_ln315_fu_3313_p2    |    and   |      0|  0|   64|          64|          64|
    |and_ln316_fu_3331_p2    |    and   |      0|  0|   64|          64|          64|
    |and_ln328_fu_3489_p2    |    and   |      0|  0|   64|          64|          64|
    |and_ln329_fu_3507_p2    |    and   |      0|  0|   64|          64|          64|
    |and_ln330_fu_3525_p2    |    and   |      0|  0|   64|          64|          64|
    |and_ln331_fu_3543_p2    |    and   |      0|  0|   64|          64|          64|
    |and_ln332_fu_3561_p2    |    and   |      0|  0|   64|          64|          64|
    |icmp_ln142_fu_781_p2    |   icmp   |      0|  0|   11|           5|           5|
    |or_ln264_fu_792_p2      |    or    |      0|  0|    5|           5|           1|
    |Aba_2_fu_2577_p2        |    xor   |      0|  0|   64|          64|          64|
    |Aba_3_fu_1059_p2        |    xor   |      0|  0|   64|          64|          64|
    |Abe_1_fu_1503_p2        |    xor   |      0|  0|   64|          64|          64|
    |Abe_2_fu_2595_p2        |    xor   |      0|  0|   64|          64|          64|
    |Abi_1_fu_1961_p2        |    xor   |      0|  0|   64|          64|          64|
    |Abi_2_fu_2613_p2        |    xor   |      0|  0|   64|          64|          64|
    |Abo_1_fu_1273_p2        |    xor   |      0|  0|   64|          64|          64|
    |Abo_2_fu_2631_p2        |    xor   |      0|  0|   64|          64|          64|
    |Abu_1_fu_1731_p2        |    xor   |      0|  0|   64|          64|          64|
    |Abu_2_fu_2649_p2        |    xor   |      0|  0|   64|          64|          64|
    |Aga_1_fu_1759_p2        |    xor   |      0|  0|   64|          64|          64|
    |Aga_2_fu_2807_p2        |    xor   |      0|  0|   64|          64|          64|
    |Age_1_fu_1065_p2        |    xor   |      0|  0|   64|          64|          64|
    |Age_2_fu_2825_p2        |    xor   |      0|  0|   64|          64|          64|
    |Agi_1_fu_1529_p2        |    xor   |      0|  0|   64|          64|          64|
    |Agi_2_fu_2843_p2        |    xor   |      0|  0|   64|          64|          64|
    |Ago_1_fu_1989_p2        |    xor   |      0|  0|   64|          64|          64|
    |Ago_2_fu_2861_p2        |    xor   |      0|  0|   64|          64|          64|
    |Agu_1_fu_1301_p2        |    xor   |      0|  0|   64|          64|          64|
    |Agu_2_fu_2879_p2        |    xor   |      0|  0|   64|          64|          64|
    |Aka_1_fu_1329_p2        |    xor   |      0|  0|   64|          64|          64|
    |Aka_2_fu_3035_p2        |    xor   |      0|  0|   64|          64|          64|
    |Ake_1_fu_1787_p2        |    xor   |      0|  0|   64|          64|          64|
    |Ake_2_fu_3053_p2        |    xor   |      0|  0|   64|          64|          64|
    |Aki_1_fu_1093_p2        |    xor   |      0|  0|   64|          64|          64|
    |Aki_2_fu_3071_p2        |    xor   |      0|  0|   64|          64|          64|
    |Ako_1_fu_1557_p2        |    xor   |      0|  0|   64|          64|          64|
    |Ako_2_fu_3089_p2        |    xor   |      0|  0|   64|          64|          64|
    |Aku_1_fu_2017_p2        |    xor   |      0|  0|   64|          64|          64|
    |Aku_2_fu_3107_p2        |    xor   |      0|  0|   64|          64|          64|
    |Ama_1_fu_2045_p2        |    xor   |      0|  0|   64|          64|          64|
    |Ama_2_fu_3265_p2        |    xor   |      0|  0|   64|          64|          64|
    |Ame_1_fu_1357_p2        |    xor   |      0|  0|   64|          64|          64|
    |Ame_2_fu_3283_p2        |    xor   |      0|  0|   64|          64|          64|
    |Ami_1_fu_1815_p2        |    xor   |      0|  0|   64|          64|          64|
    |Ami_2_fu_3301_p2        |    xor   |      0|  0|   64|          64|          64|
    |Amo_1_fu_1121_p2        |    xor   |      0|  0|   64|          64|          64|
    |Amo_2_fu_3319_p2        |    xor   |      0|  0|   64|          64|          64|
    |Amu_1_fu_1585_p2        |    xor   |      0|  0|   64|          64|          64|
    |Amu_2_fu_3337_p2        |    xor   |      0|  0|   64|          64|          64|
    |Asa_1_fu_1613_p2        |    xor   |      0|  0|   64|          64|          64|
    |Asa_2_fu_3495_p2        |    xor   |      0|  0|   64|          64|          64|
    |Ase_1_fu_2073_p2        |    xor   |      0|  0|   64|          64|          64|
    |Ase_2_fu_3513_p2        |    xor   |      0|  0|   64|          64|          64|
    |Asi_1_fu_1385_p2        |    xor   |      0|  0|   64|          64|          64|
    |Asi_2_fu_3531_p2        |    xor   |      0|  0|   64|          64|          64|
    |Aso_1_fu_1843_p2        |    xor   |      0|  0|   64|          64|          64|
    |Aso_2_fu_3549_p2        |    xor   |      0|  0|   64|          64|          64|
    |Asu_1_fu_1149_p2        |    xor   |      0|  0|   64|          64|          64|
    |Asu_2_fu_3567_p2        |    xor   |      0|  0|   64|          64|          64|
    |BCa_6_fu_2209_p2        |    xor   |      0|  0|   64|          64|          64|
    |BCa_fu_827_p2           |    xor   |      0|  0|   64|          64|          64|
    |BCe_6_fu_2233_p2        |    xor   |      0|  0|   64|          64|          64|
    |BCe_fu_851_p2           |    xor   |      0|  0|   64|          64|          64|
    |BCi_6_fu_2257_p2        |    xor   |      0|  0|   64|          64|          64|
    |BCi_fu_875_p2           |    xor   |      0|  0|   64|          64|          64|
    |BCo_6_fu_2281_p2        |    xor   |      0|  0|   64|          64|          64|
    |BCo_fu_899_p2           |    xor   |      0|  0|   64|          64|          64|
    |BCu_6_fu_2305_p2        |    xor   |      0|  0|   64|          64|          64|
    |BCu_fu_923_p2           |    xor   |      0|  0|   64|          64|          64|
    |Da_1_fu_2331_p2         |    xor   |      0|  0|   64|          64|          64|
    |Da_fu_949_p2            |    xor   |      0|  0|   64|          64|          64|
    |De_1_fu_2357_p2         |    xor   |      0|  0|   64|          64|          64|
    |De_fu_975_p2            |    xor   |      0|  0|   64|          64|          64|
    |Di_1_fu_2383_p2         |    xor   |      0|  0|   64|          64|          64|
    |Di_fu_1001_p2           |    xor   |      0|  0|   64|          64|          64|
    |Do_1_fu_2409_p2         |    xor   |      0|  0|   64|          64|          64|
    |Do_fu_1027_p2           |    xor   |      0|  0|   64|          64|          64|
    |Du_1_fu_2435_p2         |    xor   |      0|  0|   64|          64|          64|
    |Du_fu_1053_p2           |    xor   |      0|  0|   64|          64|          64|
    |Eba_2_fu_2441_p2        |    xor   |      0|  0|   64|          64|          64|
    |Eba_fu_1195_p2          |    xor   |      0|  0|   64|          64|          64|
    |Ebe_1_fu_2885_p2        |    xor   |      0|  0|   64|          64|          64|
    |Ebe_fu_1213_p2          |    xor   |      0|  0|   64|          64|          64|
    |Ebi_1_fu_3343_p2        |    xor   |      0|  0|   64|          64|          64|
    |Ebi_fu_1231_p2          |    xor   |      0|  0|   64|          64|          64|
    |Ebo_1_fu_2655_p2        |    xor   |      0|  0|   64|          64|          64|
    |Ebo_fu_1249_p2          |    xor   |      0|  0|   64|          64|          64|
    |Ebu_1_fu_3113_p2        |    xor   |      0|  0|   64|          64|          64|
    |Ebu_fu_1267_p2          |    xor   |      0|  0|   64|          64|          64|
    |Ega_1_fu_3141_p2        |    xor   |      0|  0|   64|          64|          64|
    |Ega_fu_1425_p2          |    xor   |      0|  0|   64|          64|          64|
    |Ege_1_fu_2447_p2        |    xor   |      0|  0|   64|          64|          64|
    |Ege_fu_1443_p2          |    xor   |      0|  0|   64|          64|          64|
    |Egi_1_fu_2911_p2        |    xor   |      0|  0|   64|          64|          64|
    |Egi_fu_1461_p2          |    xor   |      0|  0|   64|          64|          64|
    |Ego_1_fu_3371_p2        |    xor   |      0|  0|   64|          64|          64|
    |Ego_fu_1479_p2          |    xor   |      0|  0|   64|          64|          64|
    |Egu_1_fu_2683_p2        |    xor   |      0|  0|   64|          64|          64|
    |Egu_fu_1497_p2          |    xor   |      0|  0|   64|          64|          64|
    |Eka_1_fu_2711_p2        |    xor   |      0|  0|   64|          64|          64|
    |Eka_fu_1653_p2          |    xor   |      0|  0|   64|          64|          64|
    |Eke_1_fu_3169_p2        |    xor   |      0|  0|   64|          64|          64|
    |Eke_fu_1671_p2          |    xor   |      0|  0|   64|          64|          64|
    |Eki_1_fu_2475_p2        |    xor   |      0|  0|   64|          64|          64|
    |Eki_fu_1689_p2          |    xor   |      0|  0|   64|          64|          64|
    |Eko_1_fu_2939_p2        |    xor   |      0|  0|   64|          64|          64|
    |Eko_fu_1707_p2          |    xor   |      0|  0|   64|          64|          64|
    |Eku_1_fu_3399_p2        |    xor   |      0|  0|   64|          64|          64|
    |Eku_fu_1725_p2          |    xor   |      0|  0|   64|          64|          64|
    |Ema_1_fu_3427_p2        |    xor   |      0|  0|   64|          64|          64|
    |Ema_fu_1883_p2          |    xor   |      0|  0|   64|          64|          64|
    |Eme_1_fu_2739_p2        |    xor   |      0|  0|   64|          64|          64|
    |Eme_fu_1901_p2          |    xor   |      0|  0|   64|          64|          64|
    |Emi_1_fu_3197_p2        |    xor   |      0|  0|   64|          64|          64|
    |Emi_fu_1919_p2          |    xor   |      0|  0|   64|          64|          64|
    |Emo_1_fu_2503_p2        |    xor   |      0|  0|   64|          64|          64|
    |Emo_fu_1937_p2          |    xor   |      0|  0|   64|          64|          64|
    |Emu_1_fu_2967_p2        |    xor   |      0|  0|   64|          64|          64|
    |Emu_fu_1955_p2          |    xor   |      0|  0|   64|          64|          64|
    |Esa_1_fu_2995_p2        |    xor   |      0|  0|   64|          64|          64|
    |Esa_fu_2113_p2          |    xor   |      0|  0|   64|          64|          64|
    |Ese_1_fu_3455_p2        |    xor   |      0|  0|   64|          64|          64|
    |Ese_fu_2131_p2          |    xor   |      0|  0|   64|          64|          64|
    |Esi_1_fu_2767_p2        |    xor   |      0|  0|   64|          64|          64|
    |Esi_fu_2149_p2          |    xor   |      0|  0|   64|          64|          64|
    |Eso_1_fu_3225_p2        |    xor   |      0|  0|   64|          64|          64|
    |Eso_fu_2167_p2          |    xor   |      0|  0|   64|          64|          64|
    |Esu_1_fu_2531_p2        |    xor   |      0|  0|   64|          64|          64|
    |Esu_fu_2185_p2          |    xor   |      0|  0|   64|          64|          64|
    |xor_ln145_1_fu_815_p2   |    xor   |      0|  0|   64|          64|          64|
    |xor_ln145_2_fu_821_p2   |    xor   |      0|  0|   64|          64|          64|
    |xor_ln145_fu_809_p2     |    xor   |      0|  0|   64|          64|          64|
    |xor_ln146_1_fu_839_p2   |    xor   |      0|  0|   64|          64|          64|
    |xor_ln146_2_fu_845_p2   |    xor   |      0|  0|   64|          64|          64|
    |xor_ln146_fu_833_p2     |    xor   |      0|  0|   64|          64|          64|
    |xor_ln147_1_fu_863_p2   |    xor   |      0|  0|   64|          64|          64|
    |xor_ln147_2_fu_869_p2   |    xor   |      0|  0|   64|          64|          64|
    |xor_ln147_fu_857_p2     |    xor   |      0|  0|   64|          64|          64|
    |xor_ln148_1_fu_887_p2   |    xor   |      0|  0|   64|          64|          64|
    |xor_ln148_2_fu_893_p2   |    xor   |      0|  0|   64|          64|          64|
    |xor_ln148_fu_881_p2     |    xor   |      0|  0|   64|          64|          64|
    |xor_ln149_1_fu_911_p2   |    xor   |      0|  0|   64|          64|          64|
    |xor_ln149_2_fu_917_p2   |    xor   |      0|  0|   64|          64|          64|
    |xor_ln149_fu_905_p2     |    xor   |      0|  0|   64|          64|          64|
    |xor_ln168_fu_1177_p2    |    xor   |      0|  0|   64|           2|          64|
    |xor_ln169_fu_1189_p2    |    xor   |      0|  0|   64|          64|          64|
    |xor_ln170_fu_1201_p2    |    xor   |      0|  0|   64|           2|          64|
    |xor_ln171_fu_1219_p2    |    xor   |      0|  0|   64|           2|          64|
    |xor_ln172_fu_1237_p2    |    xor   |      0|  0|   64|           2|          64|
    |xor_ln173_fu_1255_p2    |    xor   |      0|  0|   64|           2|          64|
    |xor_ln185_fu_1413_p2    |    xor   |      0|  0|   64|           2|          64|
    |xor_ln186_fu_1431_p2    |    xor   |      0|  0|   64|           2|          64|
    |xor_ln187_fu_1449_p2    |    xor   |      0|  0|   64|           2|          64|
    |xor_ln188_fu_1467_p2    |    xor   |      0|  0|   64|           2|          64|
    |xor_ln189_fu_1485_p2    |    xor   |      0|  0|   64|           2|          64|
    |xor_ln201_fu_1641_p2    |    xor   |      0|  0|   64|           2|          64|
    |xor_ln202_fu_1659_p2    |    xor   |      0|  0|   64|           2|          64|
    |xor_ln203_fu_1677_p2    |    xor   |      0|  0|   64|           2|          64|
    |xor_ln204_fu_1695_p2    |    xor   |      0|  0|   64|           2|          64|
    |xor_ln205_fu_1713_p2    |    xor   |      0|  0|   64|           2|          64|
    |xor_ln217_fu_1871_p2    |    xor   |      0|  0|   64|           2|          64|
    |xor_ln218_fu_1889_p2    |    xor   |      0|  0|   64|           2|          64|
    |xor_ln219_fu_1907_p2    |    xor   |      0|  0|   64|           2|          64|
    |xor_ln220_fu_1925_p2    |    xor   |      0|  0|   64|           2|          64|
    |xor_ln221_fu_1943_p2    |    xor   |      0|  0|   64|           2|          64|
    |xor_ln233_fu_2101_p2    |    xor   |      0|  0|   64|           2|          64|
    |xor_ln234_fu_2119_p2    |    xor   |      0|  0|   64|           2|          64|
    |xor_ln235_fu_2137_p2    |    xor   |      0|  0|   64|           2|          64|
    |xor_ln236_fu_2155_p2    |    xor   |      0|  0|   64|           2|          64|
    |xor_ln237_fu_2173_p2    |    xor   |      0|  0|   64|           2|          64|
    |xor_ln240_1_fu_2197_p2  |    xor   |      0|  0|   64|          64|          64|
    |xor_ln240_2_fu_2203_p2  |    xor   |      0|  0|   64|          64|          64|
    |xor_ln240_fu_2191_p2    |    xor   |      0|  0|   64|          64|          64|
    |xor_ln241_1_fu_2221_p2  |    xor   |      0|  0|   64|          64|          64|
    |xor_ln241_2_fu_2227_p2  |    xor   |      0|  0|   64|          64|          64|
    |xor_ln241_fu_2215_p2    |    xor   |      0|  0|   64|          64|          64|
    |xor_ln242_1_fu_2245_p2  |    xor   |      0|  0|   64|          64|          64|
    |xor_ln242_2_fu_2251_p2  |    xor   |      0|  0|   64|          64|          64|
    |xor_ln242_fu_2239_p2    |    xor   |      0|  0|   64|          64|          64|
    |xor_ln243_1_fu_2269_p2  |    xor   |      0|  0|   64|          64|          64|
    |xor_ln243_2_fu_2275_p2  |    xor   |      0|  0|   64|          64|          64|
    |xor_ln243_fu_2263_p2    |    xor   |      0|  0|   64|          64|          64|
    |xor_ln244_1_fu_2293_p2  |    xor   |      0|  0|   64|          64|          64|
    |xor_ln244_2_fu_2299_p2  |    xor   |      0|  0|   64|          64|          64|
    |xor_ln244_fu_2287_p2    |    xor   |      0|  0|   64|          64|          64|
    |xor_ln263_fu_2559_p2    |    xor   |      0|  0|   64|           2|          64|
    |xor_ln264_fu_2571_p2    |    xor   |      0|  0|   64|          64|          64|
    |xor_ln265_fu_2583_p2    |    xor   |      0|  0|   64|           2|          64|
    |xor_ln266_fu_2601_p2    |    xor   |      0|  0|   64|           2|          64|
    |xor_ln267_fu_2619_p2    |    xor   |      0|  0|   64|           2|          64|
    |xor_ln268_fu_2637_p2    |    xor   |      0|  0|   64|           2|          64|
    |xor_ln280_fu_2795_p2    |    xor   |      0|  0|   64|           2|          64|
    |xor_ln281_fu_2813_p2    |    xor   |      0|  0|   64|           2|          64|
    |xor_ln282_fu_2831_p2    |    xor   |      0|  0|   64|           2|          64|
    |xor_ln283_fu_2849_p2    |    xor   |      0|  0|   64|           2|          64|
    |xor_ln284_fu_2867_p2    |    xor   |      0|  0|   64|           2|          64|
    |xor_ln296_fu_3023_p2    |    xor   |      0|  0|   64|           2|          64|
    |xor_ln297_fu_3041_p2    |    xor   |      0|  0|   64|           2|          64|
    |xor_ln298_fu_3059_p2    |    xor   |      0|  0|   64|           2|          64|
    |xor_ln299_fu_3077_p2    |    xor   |      0|  0|   64|           2|          64|
    |xor_ln300_fu_3095_p2    |    xor   |      0|  0|   64|           2|          64|
    |xor_ln312_fu_3253_p2    |    xor   |      0|  0|   64|           2|          64|
    |xor_ln313_fu_3271_p2    |    xor   |      0|  0|   64|           2|          64|
    |xor_ln314_fu_3289_p2    |    xor   |      0|  0|   64|           2|          64|
    |xor_ln315_fu_3307_p2    |    xor   |      0|  0|   64|           2|          64|
    |xor_ln316_fu_3325_p2    |    xor   |      0|  0|   64|           2|          64|
    |xor_ln328_fu_3483_p2    |    xor   |      0|  0|   64|           2|          64|
    |xor_ln329_fu_3501_p2    |    xor   |      0|  0|   64|           2|          64|
    |xor_ln330_fu_3519_p2    |    xor   |      0|  0|   64|           2|          64|
    |xor_ln331_fu_3537_p2    |    xor   |      0|  0|   64|           2|          64|
    |xor_ln332_fu_3555_p2    |    xor   |      0|  0|   64|           2|          64|
    +------------------------+----------+-------+---+-----+------------+------------+
    |Total                   |          |      0|  0|16198|       13072|       16140|
    +------------------------+----------+-------+---+-----+------------+------------+

    * Multiplexer: 
    +-----------------+-----+-----------+-----+-----------+
    |       Name      | LUT | Input Size| Bits| Total Bits|
    +-----------------+-----+-----------+-----+-----------+
    |Aba_0_reg_732    |    9|          2|   64|        128|
    |Abe_0_reg_721    |    9|          2|   64|        128|
    |Abi_0_reg_710    |    9|          2|   64|        128|
    |Abo_0_reg_699    |    9|          2|   64|        128|
    |Abu_0_reg_688    |    9|          2|   64|        128|
    |Aga_0_reg_677    |    9|          2|   64|        128|
    |Age_0_reg_666    |    9|          2|   64|        128|
    |Agi_0_reg_655    |    9|          2|   64|        128|
    |Ago_0_reg_644    |    9|          2|   64|        128|
    |Agu_0_reg_633    |    9|          2|   64|        128|
    |Aka_0_reg_622    |    9|          2|   64|        128|
    |Ake_0_reg_611    |    9|          2|   64|        128|
    |Aki_0_reg_600    |    9|          2|   64|        128|
    |Ako_0_reg_589    |    9|          2|   64|        128|
    |Aku_0_reg_578    |    9|          2|   64|        128|
    |Ama_0_reg_567    |    9|          2|   64|        128|
    |Ame_0_reg_556    |    9|          2|   64|        128|
    |Ami_0_reg_545    |    9|          2|   64|        128|
    |Amo_0_reg_534    |    9|          2|   64|        128|
    |Amu_0_reg_523    |    9|          2|   64|        128|
    |Asa_0_reg_512    |    9|          2|   64|        128|
    |Ase_0_reg_501    |    9|          2|   64|        128|
    |Asi_0_reg_490    |    9|          2|   64|        128|
    |Aso_0_reg_479    |    9|          2|   64|        128|
    |Asu_0_reg_754    |    9|          2|   64|        128|
    |ap_NS_fsm        |  133|         29|    1|         29|
    |keccak_count_o   |    9|          2|   32|         64|
    |round_0_reg_743  |    9|          2|    5|         10|
    |state_address0   |  121|         26|    5|        130|
    |state_address1   |  121|         26|    5|        130|
    |state_d0         |   56|         13|   64|        832|
    |state_d1         |   59|         14|   64|        896|
    +-----------------+-----+-----------+-----+-----------+
    |Total            |  733|        162| 1776|       5291|
    +-----------------+-----+-----------+-----+-----------+

    * Register: 
    +-----------------+----+----+-----+-----------+
    |       Name      | FF | LUT| Bits| Const Bits|
    +-----------------+----+----+-----+-----------+
    |Aba_0_reg_732    |  64|   0|   64|          0|
    |Aba_reg_3579     |  64|   0|   64|          0|
    |Abe_0_reg_721    |  64|   0|   64|          0|
    |Abe_reg_3594     |  64|   0|   64|          0|
    |Abi_0_reg_710    |  64|   0|   64|          0|
    |Abi_reg_3599     |  64|   0|   64|          0|
    |Abo_0_reg_699    |  64|   0|   64|          0|
    |Abo_reg_3616     |  64|   0|   64|          0|
    |Abu_0_reg_688    |  64|   0|   64|          0|
    |Abu_reg_3621     |  64|   0|   64|          0|
    |Aga_0_reg_677    |  64|   0|   64|          0|
    |Aga_reg_3638     |  64|   0|   64|          0|
    |Age_0_reg_666    |  64|   0|   64|          0|
    |Age_reg_3643     |  64|   0|   64|          0|
    |Agi_0_reg_655    |  64|   0|   64|          0|
    |Agi_reg_3660     |  64|   0|   64|          0|
    |Ago_0_reg_644    |  64|   0|   64|          0|
    |Ago_reg_3665     |  64|   0|   64|          0|
    |Agu_0_reg_633    |  64|   0|   64|          0|
    |Agu_reg_3682     |  64|   0|   64|          0|
    |Aka_0_reg_622    |  64|   0|   64|          0|
    |Aka_reg_3687     |  64|   0|   64|          0|
    |Ake_0_reg_611    |  64|   0|   64|          0|
    |Ake_reg_3704     |  64|   0|   64|          0|
    |Aki_0_reg_600    |  64|   0|   64|          0|
    |Aki_reg_3709     |  64|   0|   64|          0|
    |Ako_0_reg_589    |  64|   0|   64|          0|
    |Ako_reg_3726     |  64|   0|   64|          0|
    |Aku_0_reg_578    |  64|   0|   64|          0|
    |Aku_reg_3731     |  64|   0|   64|          0|
    |Ama_0_reg_567    |  64|   0|   64|          0|
    |Ama_reg_3748     |  64|   0|   64|          0|
    |Ame_0_reg_556    |  64|   0|   64|          0|
    |Ame_reg_3753     |  64|   0|   64|          0|
    |Ami_0_reg_545    |  64|   0|   64|          0|
    |Ami_reg_3770     |  64|   0|   64|          0|
    |Amo_0_reg_534    |  64|   0|   64|          0|
    |Amo_reg_3775     |  64|   0|   64|          0|
    |Amu_0_reg_523    |  64|   0|   64|          0|
    |Amu_reg_3792     |  64|   0|   64|          0|
    |Asa_0_reg_512    |  64|   0|   64|          0|
    |Asa_reg_3797     |  64|   0|   64|          0|
    |Ase_0_reg_501    |  64|   0|   64|          0|
    |Ase_reg_3814     |  64|   0|   64|          0|
    |Asi_0_reg_490    |  64|   0|   64|          0|
    |Asi_reg_3819     |  64|   0|   64|          0|
    |Aso_0_reg_479    |  64|   0|   64|          0|
    |Asu_0_reg_754    |  64|   0|   64|          0|
    |ap_CS_fsm        |  28|   0|   28|          0|
    |round_0_reg_743  |   5|   0|    5|          0|
    |round_reg_3859   |   5|   0|    5|          0|
    +-----------------+----+----+-----+-----------+
    |Total            |3110|   0| 3110|          0|
    +-----------------+----+----+-----+-----------+



================================================================
== Interface
================================================================
* Summary: 
+-----------------------+-----+-----+------------+--------------------------+--------------+
|       RTL Ports       | Dir | Bits|  Protocol  |       Source Object      |    C Type    |
+-----------------------+-----+-----+------------+--------------------------+--------------+
|ap_clk                 |  in |    1| ap_ctrl_hs | KeccakF1600_StatePermute | return value |
|ap_rst                 |  in |    1| ap_ctrl_hs | KeccakF1600_StatePermute | return value |
|ap_start               |  in |    1| ap_ctrl_hs | KeccakF1600_StatePermute | return value |
|ap_done                | out |    1| ap_ctrl_hs | KeccakF1600_StatePermute | return value |
|ap_idle                | out |    1| ap_ctrl_hs | KeccakF1600_StatePermute | return value |
|ap_ready               | out |    1| ap_ctrl_hs | KeccakF1600_StatePermute | return value |
|state_address0         | out |    5|  ap_memory |           state          |     array    |
|state_ce0              | out |    1|  ap_memory |           state          |     array    |
|state_we0              | out |    1|  ap_memory |           state          |     array    |
|state_d0               | out |   64|  ap_memory |           state          |     array    |
|state_q0               |  in |   64|  ap_memory |           state          |     array    |
|state_address1         | out |    5|  ap_memory |           state          |     array    |
|state_ce1              | out |    1|  ap_memory |           state          |     array    |
|state_we1              | out |    1|  ap_memory |           state          |     array    |
|state_d1               | out |   64|  ap_memory |           state          |     array    |
|state_q1               |  in |   64|  ap_memory |           state          |     array    |
|keccak_count_i         |  in |   32|   ap_ovld  |       keccak_count       |    pointer   |
|keccak_count_o         | out |   32|   ap_ovld  |       keccak_count       |    pointer   |
|keccak_count_o_ap_vld  | out |    1|   ap_ovld  |       keccak_count       |    pointer   |
+-----------------------+-----+-----+------------+--------------------------+--------------+

