

================================================================
== Vivado HLS Report for 'KeccakF1600_StatePermute'
================================================================
* Date:           Wed May 20 13:27:34 2020

* Version:        2019.2 (Build 2704478 on Wed Nov 06 22:10:23 MST 2019)
* Project:        dilithium1.prj
* Solution:       keccak
* Product family: artix7
* Target device:  xc7a200t-fbg676-2


================================================================
== Performance Estimates
================================================================
+ Timing: 
    * Summary: 
    +--------+----------+----------+------------+
    |  Clock |  Target  | Estimated| Uncertainty|
    +--------+----------+----------+------------+
    |ap_clk  | 10.00 ns | 6.812 ns |   1.25 ns  |
    +--------+----------+----------+------------+

+ Latency: 
    * Summary: 
    +---------+---------+----------+----------+-----+-----+---------+
    |  Latency (cycles) |  Latency (absolute) |  Interval | Pipeline|
    |   min   |   max   |    min   |    max   | min | max |   Type  |
    +---------+---------+----------+----------+-----+-----+---------+
    |       39|       39| 0.390 us | 0.390 us |   39|   39|   none  |
    +---------+---------+----------+----------+-----+-----+---------+

    + Detail: 
        * Instance: 
        N/A

        * Loop: 
        +----------+---------+---------+----------+-----------+-----------+------+----------+
        |          |  Latency (cycles) | Iteration|  Initiation Interval  | Trip |          |
        | Loop Name|   min   |   max   |  Latency |  achieved |   target  | Count| Pipelined|
        +----------+---------+---------+----------+-----------+-----------+------+----------+
        |- Loop 1  |       12|       12|         2|          1|          1|    12|    yes   |
        +----------+---------+---------+----------+-----------+-----------+------+----------+



================================================================
== Utilization Estimates
================================================================
* Summary: 
+-----------------+---------+-------+--------+--------+-----+
|       Name      | BRAM_18K| DSP48E|   FF   |   LUT  | URAM|
+-----------------+---------+-------+--------+--------+-----+
|DSP              |        -|      -|       -|       -|    -|
|Expression       |        -|      -|       0|   16202|    -|
|FIFO             |        -|      -|       -|       -|    -|
|Instance         |        -|      -|       -|       -|    -|
|Memory           |        2|      -|       0|       0|    -|
|Multiplexer      |        -|      -|       -|     748|    -|
|Register         |        -|      -|    3108|       -|    -|
+-----------------+---------+-------+--------+--------+-----+
|Total            |        2|      0|    3108|   16950|    0|
+-----------------+---------+-------+--------+--------+-----+
|Available        |      730|    740|  269200|  134600|    0|
+-----------------+---------+-------+--------+--------+-----+
|Utilization (%)  |    ~0   |      0|       1|      12|    0|
+-----------------+---------+-------+--------+--------+-----+

+ Detail: 
    * Instance: 
    N/A

    * DSP48E: 
    N/A

    * Memory: 
    +------------------------+----------------------+---------+---+----+-----+------+-----+------+-------------+
    |         Memory         |        Module        | BRAM_18K| FF| LUT| URAM| Words| Bits| Banks| W*Bits*Banks|
    +------------------------+----------------------+---------+---+----+-----+------+-----+------+-------------+
    |KeccakF_RoundConstan_U  |KeccakF1600_Statebkb  |        2|  0|   0|    0|    24|   64|     1|         1536|
    +------------------------+----------------------+---------+---+----+-----+------+-----+------+-------------+
    |Total                   |                      |        2|  0|   0|    0|    24|   64|     1|         1536|
    +------------------------+----------------------+---------+---+----+-----+------+-----+------+-------------+

    * FIFO: 
    N/A

    * Expression: 
    +-------------------------+----------+-------+---+-----+------------+------------+
    |      Variable Name      | Operation| DSP48E| FF| LUT | Bitwidth P0| Bitwidth P1|
    +-------------------------+----------+-------+---+-----+------------+------------+
    |add_ln142_fu_815_p2      |     +    |      0|  0|   15|           2|           5|
    |add_ln99_fu_781_p2       |     +    |      0|  0|   39|          32|           1|
    |and_ln170_1_fu_2577_p2   |    and   |      0|  0|   64|          64|          64|
    |and_ln170_fu_1195_p2     |    and   |      0|  0|   64|          64|          64|
    |and_ln172_1_fu_2601_p2   |    and   |      0|  0|   64|          64|          64|
    |and_ln172_fu_1219_p2     |    and   |      0|  0|   64|          64|          64|
    |and_ln173_1_fu_2619_p2   |    and   |      0|  0|   64|          64|          64|
    |and_ln173_fu_1237_p2     |    and   |      0|  0|   64|          64|          64|
    |and_ln174_1_fu_2637_p2   |    and   |      0|  0|   64|          64|          64|
    |and_ln174_fu_1255_p2     |    and   |      0|  0|   64|          64|          64|
    |and_ln175_1_fu_2655_p2   |    and   |      0|  0|   64|          64|          64|
    |and_ln175_fu_1273_p2     |    and   |      0|  0|   64|          64|          64|
    |and_ln187_1_fu_2813_p2   |    and   |      0|  0|   64|          64|          64|
    |and_ln187_fu_1431_p2     |    and   |      0|  0|   64|          64|          64|
    |and_ln188_1_fu_2831_p2   |    and   |      0|  0|   64|          64|          64|
    |and_ln188_fu_1449_p2     |    and   |      0|  0|   64|          64|          64|
    |and_ln189_1_fu_2849_p2   |    and   |      0|  0|   64|          64|          64|
    |and_ln189_fu_1467_p2     |    and   |      0|  0|   64|          64|          64|
    |and_ln190_1_fu_2867_p2   |    and   |      0|  0|   64|          64|          64|
    |and_ln190_fu_1485_p2     |    and   |      0|  0|   64|          64|          64|
    |and_ln191_1_fu_2885_p2   |    and   |      0|  0|   64|          64|          64|
    |and_ln191_fu_1503_p2     |    and   |      0|  0|   64|          64|          64|
    |and_ln203_1_fu_3041_p2   |    and   |      0|  0|   64|          64|          64|
    |and_ln203_fu_1659_p2     |    and   |      0|  0|   64|          64|          64|
    |and_ln204_1_fu_3059_p2   |    and   |      0|  0|   64|          64|          64|
    |and_ln204_fu_1677_p2     |    and   |      0|  0|   64|          64|          64|
    |and_ln205_1_fu_3077_p2   |    and   |      0|  0|   64|          64|          64|
    |and_ln205_fu_1695_p2     |    and   |      0|  0|   64|          64|          64|
    |and_ln206_1_fu_3095_p2   |    and   |      0|  0|   64|          64|          64|
    |and_ln206_fu_1713_p2     |    and   |      0|  0|   64|          64|          64|
    |and_ln207_1_fu_3113_p2   |    and   |      0|  0|   64|          64|          64|
    |and_ln207_fu_1731_p2     |    and   |      0|  0|   64|          64|          64|
    |and_ln219_1_fu_3271_p2   |    and   |      0|  0|   64|          64|          64|
    |and_ln219_fu_1889_p2     |    and   |      0|  0|   64|          64|          64|
    |and_ln220_1_fu_3289_p2   |    and   |      0|  0|   64|          64|          64|
    |and_ln220_fu_1907_p2     |    and   |      0|  0|   64|          64|          64|
    |and_ln221_1_fu_3307_p2   |    and   |      0|  0|   64|          64|          64|
    |and_ln221_fu_1925_p2     |    and   |      0|  0|   64|          64|          64|
    |and_ln222_1_fu_3325_p2   |    and   |      0|  0|   64|          64|          64|
    |and_ln222_fu_1943_p2     |    and   |      0|  0|   64|          64|          64|
    |and_ln223_1_fu_3343_p2   |    and   |      0|  0|   64|          64|          64|
    |and_ln223_fu_1961_p2     |    and   |      0|  0|   64|          64|          64|
    |and_ln235_1_fu_3501_p2   |    and   |      0|  0|   64|          64|          64|
    |and_ln235_fu_2119_p2     |    and   |      0|  0|   64|          64|          64|
    |and_ln236_1_fu_3519_p2   |    and   |      0|  0|   64|          64|          64|
    |and_ln236_fu_2137_p2     |    and   |      0|  0|   64|          64|          64|
    |and_ln237_1_fu_3537_p2   |    and   |      0|  0|   64|          64|          64|
    |and_ln237_fu_2155_p2     |    and   |      0|  0|   64|          64|          64|
    |and_ln238_1_fu_3555_p2   |    and   |      0|  0|   64|          64|          64|
    |and_ln238_fu_2173_p2     |    and   |      0|  0|   64|          64|          64|
    |and_ln239_1_fu_3573_p2   |    and   |      0|  0|   64|          64|          64|
    |and_ln239_fu_2191_p2     |    and   |      0|  0|   64|          64|          64|
    |icmp_ln142_fu_793_p2     |   icmp   |      0|  0|   11|           5|           5|
    |or_ln142_fu_804_p2       |    or    |      0|  0|    5|           5|           1|
    |ap_enable_pp0            |    xor   |      0|  0|    2|           1|           2|
    |ap_enable_reg_pp0_iter1  |    xor   |      0|  0|    2|           2|           1|
    |xor_ln147_1_fu_827_p2    |    xor   |      0|  0|   64|          64|          64|
    |xor_ln147_2_fu_833_p2    |    xor   |      0|  0|   64|          64|          64|
    |xor_ln147_3_fu_839_p2    |    xor   |      0|  0|   64|          64|          64|
    |xor_ln147_4_fu_2203_p2   |    xor   |      0|  0|   64|          64|          64|
    |xor_ln147_5_fu_2209_p2   |    xor   |      0|  0|   64|          64|          64|
    |xor_ln147_6_fu_2215_p2   |    xor   |      0|  0|   64|          64|          64|
    |xor_ln147_7_fu_2221_p2   |    xor   |      0|  0|   64|          64|          64|
    |xor_ln147_fu_821_p2      |    xor   |      0|  0|   64|          64|          64|
    |xor_ln148_1_fu_851_p2    |    xor   |      0|  0|   64|          64|          64|
    |xor_ln148_2_fu_857_p2    |    xor   |      0|  0|   64|          64|          64|
    |xor_ln148_3_fu_863_p2    |    xor   |      0|  0|   64|          64|          64|
    |xor_ln148_4_fu_2227_p2   |    xor   |      0|  0|   64|          64|          64|
    |xor_ln148_5_fu_2233_p2   |    xor   |      0|  0|   64|          64|          64|
    |xor_ln148_6_fu_2239_p2   |    xor   |      0|  0|   64|          64|          64|
    |xor_ln148_7_fu_2245_p2   |    xor   |      0|  0|   64|          64|          64|
    |xor_ln148_fu_845_p2      |    xor   |      0|  0|   64|          64|          64|
    |xor_ln149_1_fu_875_p2    |    xor   |      0|  0|   64|          64|          64|
    |xor_ln149_2_fu_881_p2    |    xor   |      0|  0|   64|          64|          64|
    |xor_ln149_3_fu_887_p2    |    xor   |      0|  0|   64|          64|          64|
    |xor_ln149_4_fu_2251_p2   |    xor   |      0|  0|   64|          64|          64|
    |xor_ln149_5_fu_2257_p2   |    xor   |      0|  0|   64|          64|          64|
    |xor_ln149_6_fu_2263_p2   |    xor   |      0|  0|   64|          64|          64|
    |xor_ln149_7_fu_2269_p2   |    xor   |      0|  0|   64|          64|          64|
    |xor_ln149_fu_869_p2      |    xor   |      0|  0|   64|          64|          64|
    |xor_ln150_1_fu_899_p2    |    xor   |      0|  0|   64|          64|          64|
    |xor_ln150_2_fu_905_p2    |    xor   |      0|  0|   64|          64|          64|
    |xor_ln150_3_fu_911_p2    |    xor   |      0|  0|   64|          64|          64|
    |xor_ln150_4_fu_2275_p2   |    xor   |      0|  0|   64|          64|          64|
    |xor_ln150_5_fu_2281_p2   |    xor   |      0|  0|   64|          64|          64|
    |xor_ln150_6_fu_2287_p2   |    xor   |      0|  0|   64|          64|          64|
    |xor_ln150_7_fu_2293_p2   |    xor   |      0|  0|   64|          64|          64|
    |xor_ln150_fu_893_p2      |    xor   |      0|  0|   64|          64|          64|
    |xor_ln151_1_fu_923_p2    |    xor   |      0|  0|   64|          64|          64|
    |xor_ln151_2_fu_929_p2    |    xor   |      0|  0|   64|          64|          64|
    |xor_ln151_3_fu_935_p2    |    xor   |      0|  0|   64|          64|          64|
    |xor_ln151_4_fu_2299_p2   |    xor   |      0|  0|   64|          64|          64|
    |xor_ln151_5_fu_2305_p2   |    xor   |      0|  0|   64|          64|          64|
    |xor_ln151_6_fu_2311_p2   |    xor   |      0|  0|   64|          64|          64|
    |xor_ln151_7_fu_2317_p2   |    xor   |      0|  0|   64|          64|          64|
    |xor_ln151_fu_917_p2      |    xor   |      0|  0|   64|          64|          64|
    |xor_ln154_1_fu_2343_p2   |    xor   |      0|  0|   64|          64|          64|
    |xor_ln154_fu_961_p2      |    xor   |      0|  0|   64|          64|          64|
    |xor_ln155_1_fu_2369_p2   |    xor   |      0|  0|   64|          64|          64|
    |xor_ln155_fu_987_p2      |    xor   |      0|  0|   64|          64|          64|
    |xor_ln156_1_fu_2395_p2   |    xor   |      0|  0|   64|          64|          64|
    |xor_ln156_fu_1013_p2     |    xor   |      0|  0|   64|          64|          64|
    |xor_ln157_1_fu_2421_p2   |    xor   |      0|  0|   64|          64|          64|
    |xor_ln157_fu_1039_p2     |    xor   |      0|  0|   64|          64|          64|
    |xor_ln158_1_fu_2447_p2   |    xor   |      0|  0|   64|          64|          64|
    |xor_ln158_fu_1065_p2     |    xor   |      0|  0|   64|          64|          64|
    |xor_ln160_1_fu_2453_p2   |    xor   |      0|  0|   64|          64|          64|
    |xor_ln160_fu_1071_p2     |    xor   |      0|  0|   64|          64|          64|
    |xor_ln162_1_fu_2459_p2   |    xor   |      0|  0|   64|          64|          64|
    |xor_ln162_fu_1077_p2     |    xor   |      0|  0|   64|          64|          64|
    |xor_ln164_1_fu_2487_p2   |    xor   |      0|  0|   64|          64|          64|
    |xor_ln164_fu_1105_p2     |    xor   |      0|  0|   64|          64|          64|
    |xor_ln166_1_fu_2515_p2   |    xor   |      0|  0|   64|          64|          64|
    |xor_ln166_fu_1133_p2     |    xor   |      0|  0|   64|          64|          64|
    |xor_ln168_1_fu_2543_p2   |    xor   |      0|  0|   64|          64|          64|
    |xor_ln168_fu_1161_p2     |    xor   |      0|  0|   64|          64|          64|
    |xor_ln170_1_fu_2571_p2   |    xor   |      0|  0|   64|          64|           2|
    |xor_ln170_fu_1189_p2     |    xor   |      0|  0|   64|          64|           2|
    |xor_ln171_1_fu_2589_p2   |    xor   |      0|  0|   64|          64|          64|
    |xor_ln171_2_fu_1201_p2   |    xor   |      0|  0|   64|          64|          64|
    |xor_ln171_3_fu_2583_p2   |    xor   |      0|  0|   64|          64|          64|
    |xor_ln171_fu_1207_p2     |    xor   |      0|  0|   64|          64|          64|
    |xor_ln172_1_fu_2595_p2   |    xor   |      0|  0|   64|          64|           2|
    |xor_ln172_2_fu_1225_p2   |    xor   |      0|  0|   64|          64|          64|
    |xor_ln172_3_fu_2607_p2   |    xor   |      0|  0|   64|          64|          64|
    |xor_ln172_fu_1213_p2     |    xor   |      0|  0|   64|          64|           2|
    |xor_ln173_1_fu_2613_p2   |    xor   |      0|  0|   64|          64|           2|
    |xor_ln173_2_fu_1243_p2   |    xor   |      0|  0|   64|          64|          64|
    |xor_ln173_3_fu_2625_p2   |    xor   |      0|  0|   64|          64|          64|
    |xor_ln173_fu_1231_p2     |    xor   |      0|  0|   64|          64|           2|
    |xor_ln174_1_fu_2631_p2   |    xor   |      0|  0|   64|          64|           2|
    |xor_ln174_2_fu_1261_p2   |    xor   |      0|  0|   64|          64|          64|
    |xor_ln174_3_fu_2643_p2   |    xor   |      0|  0|   64|          64|          64|
    |xor_ln174_fu_1249_p2     |    xor   |      0|  0|   64|          64|           2|
    |xor_ln175_1_fu_2649_p2   |    xor   |      0|  0|   64|          64|           2|
    |xor_ln175_2_fu_1279_p2   |    xor   |      0|  0|   64|          64|          64|
    |xor_ln175_3_fu_2661_p2   |    xor   |      0|  0|   64|          64|          64|
    |xor_ln175_fu_1267_p2     |    xor   |      0|  0|   64|          64|           2|
    |xor_ln177_1_fu_2667_p2   |    xor   |      0|  0|   64|          64|          64|
    |xor_ln177_fu_1285_p2     |    xor   |      0|  0|   64|          64|          64|
    |xor_ln179_1_fu_2695_p2   |    xor   |      0|  0|   64|          64|          64|
    |xor_ln179_fu_1313_p2     |    xor   |      0|  0|   64|          64|          64|
    |xor_ln181_1_fu_2723_p2   |    xor   |      0|  0|   64|          64|          64|
    |xor_ln181_fu_1341_p2     |    xor   |      0|  0|   64|          64|          64|
    |xor_ln183_1_fu_2751_p2   |    xor   |      0|  0|   64|          64|          64|
    |xor_ln183_fu_1369_p2     |    xor   |      0|  0|   64|          64|          64|
    |xor_ln185_1_fu_2779_p2   |    xor   |      0|  0|   64|          64|          64|
    |xor_ln185_fu_1397_p2     |    xor   |      0|  0|   64|          64|          64|
    |xor_ln187_1_fu_2807_p2   |    xor   |      0|  0|   64|          64|           2|
    |xor_ln187_2_fu_1437_p2   |    xor   |      0|  0|   64|          64|          64|
    |xor_ln187_3_fu_2819_p2   |    xor   |      0|  0|   64|          64|          64|
    |xor_ln187_fu_1425_p2     |    xor   |      0|  0|   64|          64|           2|
    |xor_ln188_1_fu_2825_p2   |    xor   |      0|  0|   64|          64|           2|
    |xor_ln188_2_fu_1455_p2   |    xor   |      0|  0|   64|          64|          64|
    |xor_ln188_3_fu_2837_p2   |    xor   |      0|  0|   64|          64|          64|
    |xor_ln188_fu_1443_p2     |    xor   |      0|  0|   64|          64|           2|
    |xor_ln189_1_fu_2843_p2   |    xor   |      0|  0|   64|          64|           2|
    |xor_ln189_2_fu_1473_p2   |    xor   |      0|  0|   64|          64|          64|
    |xor_ln189_3_fu_2855_p2   |    xor   |      0|  0|   64|          64|          64|
    |xor_ln189_fu_1461_p2     |    xor   |      0|  0|   64|          64|           2|
    |xor_ln190_1_fu_2861_p2   |    xor   |      0|  0|   64|          64|           2|
    |xor_ln190_2_fu_1491_p2   |    xor   |      0|  0|   64|          64|          64|
    |xor_ln190_3_fu_2873_p2   |    xor   |      0|  0|   64|          64|          64|
    |xor_ln190_fu_1479_p2     |    xor   |      0|  0|   64|          64|           2|
    |xor_ln191_1_fu_2879_p2   |    xor   |      0|  0|   64|          64|           2|
    |xor_ln191_2_fu_1509_p2   |    xor   |      0|  0|   64|          64|          64|
    |xor_ln191_3_fu_2891_p2   |    xor   |      0|  0|   64|          64|          64|
    |xor_ln191_fu_1497_p2     |    xor   |      0|  0|   64|          64|           2|
    |xor_ln193_1_fu_2897_p2   |    xor   |      0|  0|   64|          64|          64|
    |xor_ln193_fu_1515_p2     |    xor   |      0|  0|   64|          64|          64|
    |xor_ln195_1_fu_2923_p2   |    xor   |      0|  0|   64|          64|          64|
    |xor_ln195_fu_1541_p2     |    xor   |      0|  0|   64|          64|          64|
    |xor_ln197_1_fu_2951_p2   |    xor   |      0|  0|   64|          64|          64|
    |xor_ln197_fu_1569_p2     |    xor   |      0|  0|   64|          64|          64|
    |xor_ln199_1_fu_2979_p2   |    xor   |      0|  0|   64|          64|          64|
    |xor_ln199_fu_1597_p2     |    xor   |      0|  0|   64|          64|          64|
    |xor_ln201_1_fu_3007_p2   |    xor   |      0|  0|   64|          64|          64|
    |xor_ln201_fu_1625_p2     |    xor   |      0|  0|   64|          64|          64|
    |xor_ln203_1_fu_3035_p2   |    xor   |      0|  0|   64|          64|           2|
    |xor_ln203_2_fu_1665_p2   |    xor   |      0|  0|   64|          64|          64|
    |xor_ln203_3_fu_3047_p2   |    xor   |      0|  0|   64|          64|          64|
    |xor_ln203_fu_1653_p2     |    xor   |      0|  0|   64|          64|           2|
    |xor_ln204_1_fu_3053_p2   |    xor   |      0|  0|   64|          64|           2|
    |xor_ln204_2_fu_1683_p2   |    xor   |      0|  0|   64|          64|          64|
    |xor_ln204_3_fu_3065_p2   |    xor   |      0|  0|   64|          64|          64|
    |xor_ln204_fu_1671_p2     |    xor   |      0|  0|   64|          64|           2|
    |xor_ln205_1_fu_3071_p2   |    xor   |      0|  0|   64|          64|           2|
    |xor_ln205_2_fu_1701_p2   |    xor   |      0|  0|   64|          64|          64|
    |xor_ln205_3_fu_3083_p2   |    xor   |      0|  0|   64|          64|          64|
    |xor_ln205_fu_1689_p2     |    xor   |      0|  0|   64|          64|           2|
    |xor_ln206_1_fu_3089_p2   |    xor   |      0|  0|   64|          64|           2|
    |xor_ln206_2_fu_1719_p2   |    xor   |      0|  0|   64|          64|          64|
    |xor_ln206_3_fu_3101_p2   |    xor   |      0|  0|   64|          64|          64|
    |xor_ln206_fu_1707_p2     |    xor   |      0|  0|   64|          64|           2|
    |xor_ln207_1_fu_3107_p2   |    xor   |      0|  0|   64|          64|           2|
    |xor_ln207_2_fu_1737_p2   |    xor   |      0|  0|   64|          64|          64|
    |xor_ln207_3_fu_3119_p2   |    xor   |      0|  0|   64|          64|          64|
    |xor_ln207_fu_1725_p2     |    xor   |      0|  0|   64|          64|           2|
    |xor_ln209_1_fu_3125_p2   |    xor   |      0|  0|   64|          64|          64|
    |xor_ln209_fu_1743_p2     |    xor   |      0|  0|   64|          64|          64|
    |xor_ln211_1_fu_3153_p2   |    xor   |      0|  0|   64|          64|          64|
    |xor_ln211_fu_1771_p2     |    xor   |      0|  0|   64|          64|          64|
    |xor_ln213_1_fu_3181_p2   |    xor   |      0|  0|   64|          64|          64|
    |xor_ln213_fu_1799_p2     |    xor   |      0|  0|   64|          64|          64|
    |xor_ln215_1_fu_3209_p2   |    xor   |      0|  0|   64|          64|          64|
    |xor_ln215_fu_1827_p2     |    xor   |      0|  0|   64|          64|          64|
    |xor_ln217_1_fu_3237_p2   |    xor   |      0|  0|   64|          64|          64|
    |xor_ln217_fu_1855_p2     |    xor   |      0|  0|   64|          64|          64|
    |xor_ln219_1_fu_3265_p2   |    xor   |      0|  0|   64|          64|           2|
    |xor_ln219_2_fu_1895_p2   |    xor   |      0|  0|   64|          64|          64|
    |xor_ln219_3_fu_3277_p2   |    xor   |      0|  0|   64|          64|          64|
    |xor_ln219_fu_1883_p2     |    xor   |      0|  0|   64|          64|           2|
    |xor_ln220_1_fu_3283_p2   |    xor   |      0|  0|   64|          64|           2|
    |xor_ln220_2_fu_1913_p2   |    xor   |      0|  0|   64|          64|          64|
    |xor_ln220_3_fu_3295_p2   |    xor   |      0|  0|   64|          64|          64|
    |xor_ln220_fu_1901_p2     |    xor   |      0|  0|   64|          64|           2|
    |xor_ln221_1_fu_3301_p2   |    xor   |      0|  0|   64|          64|           2|
    |xor_ln221_2_fu_1931_p2   |    xor   |      0|  0|   64|          64|          64|
    |xor_ln221_3_fu_3313_p2   |    xor   |      0|  0|   64|          64|          64|
    |xor_ln221_fu_1919_p2     |    xor   |      0|  0|   64|          64|           2|
    |xor_ln222_1_fu_3319_p2   |    xor   |      0|  0|   64|          64|           2|
    |xor_ln222_2_fu_1949_p2   |    xor   |      0|  0|   64|          64|          64|
    |xor_ln222_3_fu_3331_p2   |    xor   |      0|  0|   64|          64|          64|
    |xor_ln222_fu_1937_p2     |    xor   |      0|  0|   64|          64|           2|
    |xor_ln223_1_fu_3337_p2   |    xor   |      0|  0|   64|          64|           2|
    |xor_ln223_2_fu_1967_p2   |    xor   |      0|  0|   64|          64|          64|
    |xor_ln223_3_fu_3349_p2   |    xor   |      0|  0|   64|          64|          64|
    |xor_ln223_fu_1955_p2     |    xor   |      0|  0|   64|          64|           2|
    |xor_ln225_1_fu_3355_p2   |    xor   |      0|  0|   64|          64|          64|
    |xor_ln225_fu_1973_p2     |    xor   |      0|  0|   64|          64|          64|
    |xor_ln227_1_fu_3383_p2   |    xor   |      0|  0|   64|          64|          64|
    |xor_ln227_fu_2001_p2     |    xor   |      0|  0|   64|          64|          64|
    |xor_ln229_1_fu_3411_p2   |    xor   |      0|  0|   64|          64|          64|
    |xor_ln229_fu_2029_p2     |    xor   |      0|  0|   64|          64|          64|
    |xor_ln231_1_fu_3439_p2   |    xor   |      0|  0|   64|          64|          64|
    |xor_ln231_fu_2057_p2     |    xor   |      0|  0|   64|          64|          64|
    |xor_ln233_1_fu_3467_p2   |    xor   |      0|  0|   64|          64|          64|
    |xor_ln233_fu_2085_p2     |    xor   |      0|  0|   64|          64|          64|
    |xor_ln235_1_fu_3495_p2   |    xor   |      0|  0|   64|          64|           2|
    |xor_ln235_2_fu_2125_p2   |    xor   |      0|  0|   64|          64|          64|
    |xor_ln235_3_fu_3507_p2   |    xor   |      0|  0|   64|          64|          64|
    |xor_ln235_fu_2113_p2     |    xor   |      0|  0|   64|          64|           2|
    |xor_ln236_1_fu_3513_p2   |    xor   |      0|  0|   64|          64|           2|
    |xor_ln236_2_fu_2143_p2   |    xor   |      0|  0|   64|          64|          64|
    |xor_ln236_3_fu_3525_p2   |    xor   |      0|  0|   64|          64|          64|
    |xor_ln236_fu_2131_p2     |    xor   |      0|  0|   64|          64|           2|
    |xor_ln237_1_fu_3531_p2   |    xor   |      0|  0|   64|          64|           2|
    |xor_ln237_2_fu_2161_p2   |    xor   |      0|  0|   64|          64|          64|
    |xor_ln237_3_fu_3543_p2   |    xor   |      0|  0|   64|          64|          64|
    |xor_ln237_fu_2149_p2     |    xor   |      0|  0|   64|          64|           2|
    |xor_ln238_1_fu_3549_p2   |    xor   |      0|  0|   64|          64|           2|
    |xor_ln238_2_fu_2179_p2   |    xor   |      0|  0|   64|          64|          64|
    |xor_ln238_3_fu_3561_p2   |    xor   |      0|  0|   64|          64|          64|
    |xor_ln238_fu_2167_p2     |    xor   |      0|  0|   64|          64|           2|
    |xor_ln239_1_fu_3567_p2   |    xor   |      0|  0|   64|          64|           2|
    |xor_ln239_2_fu_2197_p2   |    xor   |      0|  0|   64|          64|          64|
    |xor_ln239_3_fu_3579_p2   |    xor   |      0|  0|   64|          64|          64|
    |xor_ln239_fu_2185_p2     |    xor   |      0|  0|   64|          64|           2|
    +-------------------------+----------+-------+---+-----+------------+------------+
    |Total                    |          |      0|  0|16202|       16175|       13043|
    +-------------------------+----------+-------+---+-----+------------+------------+

    * Multiplexer: 
    +-------------------------+-----+-----------+-----+-----------+
    |           Name          | LUT | Input Size| Bits| Total Bits|
    +-------------------------+-----+-----------+-----+-----------+
    |Aba_0_0_reg_744          |    9|          2|   64|        128|
    |Abe_0_0_reg_733          |    9|          2|   64|        128|
    |Abi_0_0_reg_722          |    9|          2|   64|        128|
    |Abo_0_0_reg_711          |    9|          2|   64|        128|
    |Abu_0_0_reg_700          |    9|          2|   64|        128|
    |Aga_0_0_reg_689          |    9|          2|   64|        128|
    |Age_0_0_reg_678          |    9|          2|   64|        128|
    |Agi_0_0_reg_667          |    9|          2|   64|        128|
    |Ago_0_0_reg_656          |    9|          2|   64|        128|
    |Agu_0_0_reg_645          |    9|          2|   64|        128|
    |Aka_0_0_reg_634          |    9|          2|   64|        128|
    |Ake_0_0_reg_623          |    9|          2|   64|        128|
    |Aki_0_0_reg_612          |    9|          2|   64|        128|
    |Ako_0_0_reg_601          |    9|          2|   64|        128|
    |Aku_0_0_reg_590          |    9|          2|   64|        128|
    |Ama_0_0_reg_579          |    9|          2|   64|        128|
    |Ame_0_0_reg_568          |    9|          2|   64|        128|
    |Ami_0_0_reg_557          |    9|          2|   64|        128|
    |Amo_0_0_reg_546          |    9|          2|   64|        128|
    |Amu_0_0_reg_535          |    9|          2|   64|        128|
    |Asa_0_0_reg_524          |    9|          2|   64|        128|
    |Ase_0_0_reg_513          |    9|          2|   64|        128|
    |Asi_0_0_reg_502          |    9|          2|   64|        128|
    |Aso_0_0_reg_491          |    9|          2|   64|        128|
    |Asu_0_0_reg_766          |    9|          2|   64|        128|
    |ap_NS_fsm                |  133|         29|    1|         29|
    |ap_enable_reg_pp0_iter1  |   15|          3|    1|          3|
    |keccak_count_o           |    9|          2|   32|         64|
    |round_0_0_reg_755        |    9|          2|    5|         10|
    |state_address0           |  121|         26|    5|        130|
    |state_address1           |  121|         26|    5|        130|
    |state_d0                 |   56|         13|   64|        832|
    |state_d1                 |   59|         14|   64|        896|
    +-------------------------+-----+-----------+-----+-----------+
    |Total                    |  748|        165| 1777|       5294|
    +-------------------------+-----+-----------+-----+-----------+

    * Register: 
    +-------------------------+----+----+-----+-----------+
    |           Name          | FF | LUT| Bits| Const Bits|
    +-------------------------+----+----+-----+-----------+
    |Aba_0_0_reg_744          |  64|   0|   64|          0|
    |Aba_reg_3591             |  64|   0|   64|          0|
    |Abe_0_0_reg_733          |  64|   0|   64|          0|
    |Abe_reg_3606             |  64|   0|   64|          0|
    |Abi_0_0_reg_722          |  64|   0|   64|          0|
    |Abi_reg_3611             |  64|   0|   64|          0|
    |Abo_0_0_reg_711          |  64|   0|   64|          0|
    |Abo_reg_3628             |  64|   0|   64|          0|
    |Abu_0_0_reg_700          |  64|   0|   64|          0|
    |Abu_reg_3633             |  64|   0|   64|          0|
    |Aga_0_0_reg_689          |  64|   0|   64|          0|
    |Aga_reg_3650             |  64|   0|   64|          0|
    |Age_0_0_reg_678          |  64|   0|   64|          0|
    |Age_reg_3655             |  64|   0|   64|          0|
    |Agi_0_0_reg_667          |  64|   0|   64|          0|
    |Agi_reg_3672             |  64|   0|   64|          0|
    |Ago_0_0_reg_656          |  64|   0|   64|          0|
    |Ago_reg_3677             |  64|   0|   64|          0|
    |Agu_0_0_reg_645          |  64|   0|   64|          0|
    |Agu_reg_3694             |  64|   0|   64|          0|
    |Aka_0_0_reg_634          |  64|   0|   64|          0|
    |Aka_reg_3699             |  64|   0|   64|          0|
    |Ake_0_0_reg_623          |  64|   0|   64|          0|
    |Ake_reg_3716             |  64|   0|   64|          0|
    |Aki_0_0_reg_612          |  64|   0|   64|          0|
    |Aki_reg_3721             |  64|   0|   64|          0|
    |Ako_0_0_reg_601          |  64|   0|   64|          0|
    |Ako_reg_3738             |  64|   0|   64|          0|
    |Aku_0_0_reg_590          |  64|   0|   64|          0|
    |Aku_reg_3743             |  64|   0|   64|          0|
    |Ama_0_0_reg_579          |  64|   0|   64|          0|
    |Ama_reg_3760             |  64|   0|   64|          0|
    |Ame_0_0_reg_568          |  64|   0|   64|          0|
    |Ame_reg_3765             |  64|   0|   64|          0|
    |Ami_0_0_reg_557          |  64|   0|   64|          0|
    |Ami_reg_3782             |  64|   0|   64|          0|
    |Amo_0_0_reg_546          |  64|   0|   64|          0|
    |Amo_reg_3787             |  64|   0|   64|          0|
    |Amu_0_0_reg_535          |  64|   0|   64|          0|
    |Amu_reg_3804             |  64|   0|   64|          0|
    |Asa_0_0_reg_524          |  64|   0|   64|          0|
    |Asa_reg_3809             |  64|   0|   64|          0|
    |Ase_0_0_reg_513          |  64|   0|   64|          0|
    |Ase_reg_3826             |  64|   0|   64|          0|
    |Asi_0_0_reg_502          |  64|   0|   64|          0|
    |Asi_reg_3831             |  64|   0|   64|          0|
    |Aso_0_0_reg_491          |  64|   0|   64|          0|
    |Asu_0_0_reg_766          |  64|   0|   64|          0|
    |ap_CS_fsm                |  28|   0|   28|          0|
    |ap_enable_reg_pp0_iter0  |   1|   0|    1|          0|
    |ap_enable_reg_pp0_iter1  |   1|   0|    1|          0|
    |icmp_ln142_reg_3858      |   1|   0|    1|          0|
    |round_0_0_reg_755        |   5|   0|    5|          0|
    +-------------------------+----+----+-----+-----------+
    |Total                    |3108|   0| 3108|          0|
    +-------------------------+----+----+-----+-----------+



================================================================
== Interface
================================================================
* Summary: 
+-----------------------+-----+-----+------------+--------------------------+--------------+
|       RTL Ports       | Dir | Bits|  Protocol  |       Source Object      |    C Type    |
+-----------------------+-----+-----+------------+--------------------------+--------------+
|ap_clk                 |  in |    1| ap_ctrl_hs | KeccakF1600_StatePermute | return value |
|ap_rst                 |  in |    1| ap_ctrl_hs | KeccakF1600_StatePermute | return value |
|ap_start               |  in |    1| ap_ctrl_hs | KeccakF1600_StatePermute | return value |
|ap_done                | out |    1| ap_ctrl_hs | KeccakF1600_StatePermute | return value |
|ap_idle                | out |    1| ap_ctrl_hs | KeccakF1600_StatePermute | return value |
|ap_ready               | out |    1| ap_ctrl_hs | KeccakF1600_StatePermute | return value |
|state_address0         | out |    5|  ap_memory |           state          |     array    |
|state_ce0              | out |    1|  ap_memory |           state          |     array    |
|state_we0              | out |    1|  ap_memory |           state          |     array    |
|state_d0               | out |   64|  ap_memory |           state          |     array    |
|state_q0               |  in |   64|  ap_memory |           state          |     array    |
|state_address1         | out |    5|  ap_memory |           state          |     array    |
|state_ce1              | out |    1|  ap_memory |           state          |     array    |
|state_we1              | out |    1|  ap_memory |           state          |     array    |
|state_d1               | out |   64|  ap_memory |           state          |     array    |
|state_q1               |  in |   64|  ap_memory |           state          |     array    |
|keccak_count_i         |  in |   32|   ap_ovld  |       keccak_count       |    pointer   |
|keccak_count_o         | out |   32|   ap_ovld  |       keccak_count       |    pointer   |
|keccak_count_o_ap_vld  | out |    1|   ap_ovld  |       keccak_count       |    pointer   |
+-----------------------+-----+-----+------------+--------------------------+--------------+

