

================================================================
== Vivado HLS Report for 'KeccakF1600_StatePermute'
================================================================
* Date:           Wed May 20 13:20:36 2020

* Version:        2019.2 (Build 2704478 on Wed Nov 06 22:10:23 MST 2019)
* Project:        dilithium1.prj
* Solution:       keccak
* Product family: artix7
* Target device:  xc7a200t-fbg676-2


================================================================
== Performance Estimates
================================================================
+ Timing: 
    * Summary: 
    +--------+----------+----------+------------+
    |  Clock |  Target  | Estimated| Uncertainty|
    +--------+----------+----------+------------+
    |ap_clk  | 10.00 ns | 8.002 ns |   1.25 ns  |
    +--------+----------+----------+------------+

+ Latency: 
    * Summary: 
    +---------+---------+-----------+-----------+------+------+---------+
    |  Latency (cycles) |   Latency (absolute)  |   Interval  | Pipeline|
    |   min   |   max   |    min    |    max    |  min |  max |   Type  |
    +---------+---------+-----------+-----------+------+------+---------+
    |     2785|     2785| 27.850 us | 27.850 us |  2785|  2785|   none  |
    +---------+---------+-----------+-----------+------+------+---------+

    + Detail: 
        * Instance: 
        N/A

        * Loop: 
        +-------------+---------+---------+----------+-----------+-----------+------+----------+
        |             |  Latency (cycles) | Iteration|  Initiation Interval  | Trip |          |
        |  Loop Name  |   min   |   max   |  Latency |  achieved |   target  | Count| Pipelined|
        +-------------+---------+---------+----------+-----------+-----------+------+----------+
        |- Loop 1     |     2784|     2784|       116|          -|          -|    24|    no    |
        | + Loop 1.1  |       15|       15|         4|          3|          1|     5|    yes   |
        | + Loop 1.2  |        5|        5|         2|          1|          1|     5|    yes   |
        | + Loop 1.3  |        4|        4|         2|          1|          1|     4|    yes   |
        | + Loop 1.4  |        5|        5|         2|          1|          1|     4|    yes   |
        | + Loop 1.5  |        6|        6|         2|          1|          1|     5|    yes   |
        | + Loop 1.6  |        6|        6|         2|          1|          1|     5|    yes   |
        | + Loop 1.7  |        6|        6|         2|          1|          1|     5|    yes   |
        | + Loop 1.8  |        6|        6|         2|          1|          1|     5|    yes   |
        | + Loop 1.9  |       25|       25|         2|          1|          1|    25|    yes   |
        +-------------+---------+---------+----------+-----------+-----------+------+----------+



================================================================
== Utilization Estimates
================================================================
* Summary: 
+-----------------+---------+-------+--------+--------+-----+
|       Name      | BRAM_18K| DSP48E|   FF   |   LUT  | URAM|
+-----------------+---------+-------+--------+--------+-----+
|DSP              |        -|      -|       -|       -|    -|
|Expression       |        -|      -|       0|    3346|    -|
|FIFO             |        -|      -|       -|       -|    -|
|Instance         |        -|      -|       -|       -|    -|
|Memory           |        8|      -|     128|       5|    0|
|Multiplexer      |        -|      -|       -|    1204|    -|
|Register         |        -|      -|    2273|       -|    -|
+-----------------+---------+-------+--------+--------+-----+
|Total            |        8|      0|    2401|    4555|    0|
+-----------------+---------+-------+--------+--------+-----+
|Available        |      730|    740|  269200|  134600|    0|
+-----------------+---------+-------+--------+--------+-----+
|Utilization (%)  |        1|      0|   ~0   |       3|    0|
+-----------------+---------+-------+--------+--------+-----+

+ Detail: 
    * Instance: 
    N/A

    * DSP48E: 
    N/A

    * Memory: 
    +------------------------+----------------------+---------+-----+----+-----+------+-----+------+-------------+
    |         Memory         |        Module        | BRAM_18K|  FF | LUT| URAM| Words| Bits| Banks| W*Bits*Banks|
    +------------------------+----------------------+---------+-----+----+-----+------+-----+------+-------------+
    |KeccakF_RoundConstan_U  |KeccakF1600_Statebkb  |        2|    0|   0|    0|    24|   64|     1|         1536|
    |var1_U                  |KeccakF1600_Statecud  |        4|    0|   0|    0|     5|   64|     1|          320|
    |var2_U                  |KeccakF1600_StatedEe  |        0|  128|   5|    0|     5|   64|     1|          320|
    |state2_U                |KeccakF1600_StateeOg  |        2|    0|   0|    0|    25|   64|     1|         1600|
    +------------------------+----------------------+---------+-----+----+-----+------+-----+------+-------------+
    |Total                   |                      |        8|  128|   5|    0|    59|  256|     4|         3776|
    +------------------------+----------------------+---------+-----+----+-----+------+-----+------+-------------+

    * FIFO: 
    N/A

    * Expression: 
    +---------------------------+----------+-------+---+-----+------------+------------+
    |       Variable Name       | Operation| DSP48E| FF| LUT | Bitwidth P0| Bitwidth P1|
    +---------------------------+----------+-------+---+-----+------------+------------+
    |add_ln152_1_fu_1099_p2     |     +    |      0|  0|   13|           4|           4|
    |add_ln152_2_fu_1109_p2     |     +    |      0|  0|   15|           5|           4|
    |add_ln152_3_fu_1119_p2     |     +    |      0|  0|   15|           5|           5|
    |add_ln152_fu_1088_p2       |     +    |      0|  0|   13|           4|           3|
    |add_ln166_1_fu_1181_p2     |     +    |      0|  0|   12|           2|           3|
    |add_ln166_fu_1169_p2       |     +    |      0|  0|   13|           3|           4|
    |add_ln208_1_fu_1443_p2     |     +    |      0|  0|   12|           3|           3|
    |add_ln208_fu_1431_p2       |     +    |      0|  0|   12|           3|           2|
    |add_ln250_1_fu_1635_p2     |     +    |      0|  0|   12|           3|           3|
    |add_ln250_fu_1623_p2       |     +    |      0|  0|   12|           3|           2|
    |add_ln251_fu_1654_p2       |     +    |      0|  0|   13|           4|           3|
    |add_ln293_1_fu_1824_p2     |     +    |      0|  0|   12|           3|           3|
    |add_ln293_fu_1812_p2       |     +    |      0|  0|   12|           3|           2|
    |add_ln294_fu_1843_p2       |     +    |      0|  0|   13|           4|           4|
    |add_ln335_1_fu_2015_p2     |     +    |      0|  0|   12|           3|           3|
    |add_ln335_fu_2003_p2       |     +    |      0|  0|   12|           3|           2|
    |add_ln336_fu_2034_p2       |     +    |      0|  0|   15|           5|           4|
    |add_ln376_1_fu_2231_p2     |     +    |      0|  0|   12|           3|           3|
    |add_ln376_fu_2219_p2       |     +    |      0|  0|   12|           3|           2|
    |add_ln377_fu_2250_p2       |     +    |      0|  0|   15|           5|           5|
    |add_ln99_fu_1039_p2        |     +    |      0|  0|   39|          32|           1|
    |i_10_fu_1462_p2            |     +    |      0|  0|   12|           3|           1|
    |i_11_fu_1348_p2            |     +    |      0|  0|   12|           3|           1|
    |i_12_fu_1613_p2            |     +    |      0|  0|   12|           3|           1|
    |i_13_fu_1802_p2            |     +    |      0|  0|   12|           3|           1|
    |i_14_fu_1993_p2            |     +    |      0|  0|   12|           3|           1|
    |i_15_fu_2209_p2            |     +    |      0|  0|   12|           3|           1|
    |i_16_fu_2285_p2            |     +    |      0|  0|   15|           5|           1|
    |i_9_fu_1159_p2             |     +    |      0|  0|   12|           3|           1|
    |i_fu_1069_p2               |     +    |      0|  0|   12|           3|           1|
    |round_fu_1057_p2           |     +    |      0|  0|   15|           5|           1|
    |sub_ln167_fu_1253_p2       |     -    |      0|  0|   15|           7|           7|
    |sub_ln175_1_fu_1333_p2     |     -    |      0|  0|   15|           6|           6|
    |sub_ln175_fu_1373_p2       |     -    |      0|  0|   15|           8|           7|
    |and_ln196_fu_1407_p2       |    and   |      0|  0|   64|          64|          64|
    |and_ln209_fu_1474_p2       |    and   |      0|  0|   64|          64|          64|
    |and_ln251_fu_1666_p2       |    and   |      0|  0|   64|          64|          64|
    |and_ln294_fu_1855_p2       |    and   |      0|  0|   64|          64|          64|
    |and_ln336_fu_2046_p2       |    and   |      0|  0|   64|          64|          64|
    |and_ln377_fu_2262_p2       |    and   |      0|  0|   64|          64|          64|
    |ap_condition_380           |    and   |      0|  0|    2|           1|           1|
    |ap_condition_837           |    and   |      0|  0|    2|           1|           1|
    |icmp_ln145_fu_1051_p2      |   icmp   |      0|  0|   11|           5|           5|
    |icmp_ln149_fu_1063_p2      |   icmp   |      0|  0|    9|           3|           3|
    |icmp_ln163_fu_1153_p2      |   icmp   |      0|  0|    9|           3|           3|
    |icmp_ln166_1_fu_1204_p2    |   icmp   |      0|  0|    9|           3|           3|
    |icmp_ln166_fu_1175_p2      |   icmp   |      0|  0|    9|           4|           3|
    |icmp_ln172_fu_1307_p2      |   icmp   |      0|  0|    9|           3|           3|
    |icmp_ln203_fu_1425_p2      |   icmp   |      0|  0|    9|           3|           3|
    |icmp_ln208_fu_1437_p2      |   icmp   |      0|  0|    9|           3|           3|
    |icmp_ln245_fu_1607_p2      |   icmp   |      0|  0|    9|           3|           3|
    |icmp_ln250_fu_1629_p2      |   icmp   |      0|  0|    9|           3|           3|
    |icmp_ln288_fu_1796_p2      |   icmp   |      0|  0|    9|           3|           3|
    |icmp_ln293_fu_1818_p2      |   icmp   |      0|  0|    9|           3|           3|
    |icmp_ln330_fu_1987_p2      |   icmp   |      0|  0|    9|           3|           3|
    |icmp_ln335_fu_2009_p2      |   icmp   |      0|  0|    9|           3|           3|
    |icmp_ln371_fu_2203_p2      |   icmp   |      0|  0|    9|           3|           3|
    |icmp_ln376_fu_2225_p2      |   icmp   |      0|  0|    9|           3|           3|
    |icmp_ln385_fu_2279_p2      |   icmp   |      0|  0|   11|           5|           4|
    |lshr_ln175_fu_1383_p2      |   lshr   |      0|  0|  182|          64|          64|
    |select_ln166_1_fu_1216_p3  |  select  |      0|  0|    3|           1|           3|
    |select_ln166_fu_1191_p3    |  select  |      0|  0|    4|           1|           4|
    |select_ln208_fu_1449_p3    |  select  |      0|  0|    3|           1|           3|
    |select_ln250_fu_1641_p3    |  select  |      0|  0|    3|           1|           3|
    |select_ln293_fu_1830_p3    |  select  |      0|  0|    3|           1|           3|
    |select_ln335_fu_2021_p3    |  select  |      0|  0|    3|           1|           3|
    |select_ln376_fu_2237_p3    |  select  |      0|  0|    3|           1|           3|
    |shl_ln175_fu_1367_p2       |    shl   |      0|  0|  182|          64|          64|
    |ap_enable_pp0              |    xor   |      0|  0|    2|           1|           2|
    |ap_enable_pp1              |    xor   |      0|  0|    2|           1|           2|
    |ap_enable_pp2              |    xor   |      0|  0|    2|           1|           2|
    |ap_enable_pp3              |    xor   |      0|  0|    2|           1|           2|
    |ap_enable_pp4              |    xor   |      0|  0|    2|           1|           2|
    |ap_enable_pp5              |    xor   |      0|  0|    2|           1|           2|
    |ap_enable_pp6              |    xor   |      0|  0|    2|           1|           2|
    |ap_enable_pp7              |    xor   |      0|  0|    2|           1|           2|
    |ap_enable_pp8              |    xor   |      0|  0|    2|           1|           2|
    |ap_enable_reg_pp1_iter1    |    xor   |      0|  0|    2|           2|           1|
    |ap_enable_reg_pp2_iter1    |    xor   |      0|  0|    2|           2|           1|
    |ap_enable_reg_pp8_iter1    |    xor   |      0|  0|    2|           2|           1|
    |grp_fu_1000_p2             |    xor   |      0|  0|   64|          64|          64|
    |grp_fu_1008_p2             |    xor   |      0|  0|   64|          64|          64|
    |grp_fu_1015_p2             |    xor   |      0|  0|   64|          64|          64|
    |grp_fu_1022_p2             |    xor   |      0|  0|   64|          64|          64|
    |grp_fu_1029_p2             |    xor   |      0|  0|   64|          64|          64|
    |xor_ln152_1_fu_1135_p2     |    xor   |      0|  0|   64|          64|          64|
    |xor_ln152_2_fu_1140_p2     |    xor   |      0|  0|   64|          64|          64|
    |xor_ln152_3_fu_1146_p2     |    xor   |      0|  0|   64|          64|          64|
    |xor_ln152_fu_1129_p2       |    xor   |      0|  0|   64|          64|          64|
    |xor_ln166_1_fu_1210_p2     |    xor   |      0|  0|    4|           3|           4|
    |xor_ln166_fu_1288_p2       |    xor   |      0|  0|   64|          64|          64|
    |xor_ln167_fu_1300_p2       |    xor   |      0|  0|   64|          64|          64|
    |xor_ln175_fu_1389_p2       |    xor   |      0|  0|   64|          64|          64|
    |xor_ln196_fu_1401_p2       |    xor   |      0|  0|   64|          64|           2|
    |xor_ln197_1_fu_1413_p2     |    xor   |      0|  0|   64|          64|          64|
    |xor_ln197_fu_1419_p2       |    xor   |      0|  0|   64|          64|          64|
    |xor_ln209_1_fu_1480_p2     |    xor   |      0|  0|   64|          64|          64|
    |xor_ln209_fu_1468_p2       |    xor   |      0|  0|   64|          64|           2|
    |xor_ln251_1_fu_1672_p2     |    xor   |      0|  0|   64|          64|          64|
    |xor_ln251_fu_1660_p2       |    xor   |      0|  0|   64|          64|           2|
    |xor_ln294_1_fu_1861_p2     |    xor   |      0|  0|   64|          64|          64|
    |xor_ln294_fu_1849_p2       |    xor   |      0|  0|   64|          64|           2|
    |xor_ln336_1_fu_2052_p2     |    xor   |      0|  0|   64|          64|          64|
    |xor_ln336_fu_2040_p2       |    xor   |      0|  0|   64|          64|           2|
    |xor_ln344_fu_2063_p2       |    xor   |      0|  0|   64|          64|          64|
    |xor_ln347_fu_2091_p2       |    xor   |      0|  0|   64|          64|          64|
    |xor_ln349_fu_2119_p2       |    xor   |      0|  0|   64|          64|          64|
    |xor_ln351_fu_2147_p2       |    xor   |      0|  0|   64|          64|          64|
    |xor_ln353_fu_2175_p2       |    xor   |      0|  0|   64|          64|          64|
    |xor_ln377_1_fu_2268_p2     |    xor   |      0|  0|   64|          64|          64|
    |xor_ln377_fu_2256_p2       |    xor   |      0|  0|   64|          64|           2|
    +---------------------------+----------+-------+---+-----+------------+------------+
    |Total                      |          |      0|  0| 3346|        2673|        2258|
    +---------------------------+----------+-------+---+-----+------------+------------+

    * Multiplexer: 
    +----------------------------------------+-----+-----------+-----+-----------+
    |                  Name                  | LUT | Input Size| Bits| Total Bits|
    +----------------------------------------+-----+-----------+-----+-----------+
    |ap_NS_fsm                               |  185|         42|    1|         42|
    |ap_enable_reg_pp0_iter1                 |    9|          2|    1|          2|
    |ap_enable_reg_pp1_iter1                 |   15|          3|    1|          3|
    |ap_enable_reg_pp2_iter1                 |   15|          3|    1|          3|
    |ap_enable_reg_pp3_iter1                 |    9|          2|    1|          2|
    |ap_enable_reg_pp4_iter1                 |    9|          2|    1|          2|
    |ap_enable_reg_pp5_iter1                 |    9|          2|    1|          2|
    |ap_enable_reg_pp6_iter1                 |    9|          2|    1|          2|
    |ap_enable_reg_pp7_iter1                 |    9|          2|    1|          2|
    |ap_enable_reg_pp8_iter1                 |   15|          3|    1|          3|
    |ap_phi_mux_i_0_phi_fu_771_p4            |    9|          2|    3|          6|
    |ap_phi_mux_i_1_phi_fu_782_p4            |    9|          2|    3|          6|
    |ap_phi_mux_i_2_phi_fu_794_p4            |    9|          2|    3|          6|
    |ap_phi_mux_i_3_phi_fu_823_p4            |    9|          2|    3|          6|
    |ap_phi_reg_pp2_iter1_phi_ln175_reg_802  |   21|          4|    6|         24|
    |grp_fu_1000_p1                          |   15|          3|   64|        192|
    |grp_fu_1008_p1                          |   15|          3|   64|        192|
    |grp_fu_1015_p1                          |   15|          3|   64|        192|
    |grp_fu_1022_p1                          |   15|          3|   64|        192|
    |i_0_reg_767                             |    9|          2|    3|          6|
    |i_1_reg_778                             |    9|          2|    3|          6|
    |i_2_reg_790                             |    9|          2|    3|          6|
    |i_3_reg_819                             |    9|          2|    3|          6|
    |i_4_reg_851                             |    9|          2|    3|          6|
    |i_5_reg_882                             |    9|          2|    3|          6|
    |i_6_reg_913                             |    9|          2|    3|          6|
    |i_7_reg_944                             |    9|          2|    3|          6|
    |i_8_reg_975                             |    9|          2|    5|         10|
    |keccak_count_o                          |    9|          2|   32|         64|
    |reg_986                                 |    9|          2|   64|        128|
    |reg_991                                 |    9|          2|   64|        128|
    |round_0_reg_755                         |    9|          2|    5|         10|
    |state2_address0                         |   41|          8|    5|         40|
    |state2_d0                               |   38|          7|   64|        448|
    |state_address0                          |  105|         22|    5|        110|
    |state_address1                          |  105|         22|    5|        110|
    |state_d0                                |   38|          7|   64|        448|
    |state_d1                                |   41|          8|   64|        512|
    |t0_2_reg_831                            |    9|          2|   64|        128|
    |t0_4_reg_862                            |    9|          2|   64|        128|
    |t0_6_reg_893                            |    9|          2|   64|        128|
    |t0_8_reg_924                            |    9|          2|   64|        128|
    |t0_9_reg_955                            |    9|          2|   64|        128|
    |t1_2_reg_840                            |    9|          2|   64|        128|
    |t1_4_reg_871                            |    9|          2|   64|        128|
    |t1_6_reg_902                            |    9|          2|   64|        128|
    |t1_8_reg_933                            |    9|          2|   64|        128|
    |t1_9_reg_964                            |    9|          2|   64|        128|
    |var1_address0                           |   50|         11|    3|         33|
    |var1_address1                           |   27|          5|    3|         15|
    |var1_d0                                 |   50|         11|   64|        704|
    |var1_d1                                 |   59|         14|   64|        896|
    |var2_address0                           |   27|          5|    3|         15|
    |var2_address1                           |   15|          3|    3|          9|
    +----------------------------------------+-----+-----------+-----+-----------+
    |Total                                   | 1204|        256| 1465|       5887|
    +----------------------------------------+-----+-----------+-----+-----------+

    * Register: 
    +----------------------------------------+----+----+-----+-----------+
    |                  Name                  | FF | LUT| Bits| Const Bits|
    +----------------------------------------+----+----+-----+-----------+
    |add_ln251_reg_2668                      |   4|   0|    4|          0|
    |add_ln294_reg_2702                      |   4|   0|    4|          0|
    |add_ln336_reg_2736                      |   5|   0|    5|          0|
    |add_ln377_reg_2795                      |   5|   0|    5|          0|
    |ap_CS_fsm                               |  41|   0|   41|          0|
    |ap_enable_reg_pp0_iter0                 |   1|   0|    1|          0|
    |ap_enable_reg_pp0_iter1                 |   1|   0|    1|          0|
    |ap_enable_reg_pp1_iter0                 |   1|   0|    1|          0|
    |ap_enable_reg_pp1_iter1                 |   1|   0|    1|          0|
    |ap_enable_reg_pp2_iter0                 |   1|   0|    1|          0|
    |ap_enable_reg_pp2_iter1                 |   1|   0|    1|          0|
    |ap_enable_reg_pp3_iter0                 |   1|   0|    1|          0|
    |ap_enable_reg_pp3_iter1                 |   1|   0|    1|          0|
    |ap_enable_reg_pp4_iter0                 |   1|   0|    1|          0|
    |ap_enable_reg_pp4_iter1                 |   1|   0|    1|          0|
    |ap_enable_reg_pp5_iter0                 |   1|   0|    1|          0|
    |ap_enable_reg_pp5_iter1                 |   1|   0|    1|          0|
    |ap_enable_reg_pp6_iter0                 |   1|   0|    1|          0|
    |ap_enable_reg_pp6_iter1                 |   1|   0|    1|          0|
    |ap_enable_reg_pp7_iter0                 |   1|   0|    1|          0|
    |ap_enable_reg_pp7_iter1                 |   1|   0|    1|          0|
    |ap_enable_reg_pp8_iter0                 |   1|   0|    1|          0|
    |ap_enable_reg_pp8_iter1                 |   1|   0|    1|          0|
    |ap_phi_reg_pp2_iter1_phi_ln175_reg_802  |   6|   0|    6|          0|
    |i_0_reg_767                             |   3|   0|    3|          0|
    |i_10_reg_2604                           |   3|   0|    3|          0|
    |i_11_reg_2570                           |   3|   0|    3|          0|
    |i_1_reg_778                             |   3|   0|    3|          0|
    |i_2_reg_790                             |   3|   0|    3|          0|
    |i_3_reg_819                             |   3|   0|    3|          0|
    |i_4_reg_851                             |   3|   0|    3|          0|
    |i_5_reg_882                             |   3|   0|    3|          0|
    |i_6_reg_913                             |   3|   0|    3|          0|
    |i_7_reg_944                             |   3|   0|    3|          0|
    |i_8_reg_975                             |   5|   0|    5|          0|
    |i_9_reg_2536                            |   3|   0|    3|          0|
    |i_reg_2481                              |   3|   0|    3|          0|
    |icmp_ln149_reg_2477                     |   1|   0|    1|          0|
    |icmp_ln163_reg_2532                     |   1|   0|    1|          0|
    |icmp_ln172_reg_2557                     |   1|   0|    1|          0|
    |icmp_ln203_reg_2595                     |   1|   0|    1|          0|
    |icmp_ln245_reg_2654                     |   1|   0|    1|          0|
    |icmp_ln288_reg_2688                     |   1|   0|    1|          0|
    |icmp_ln330_reg_2722                     |   1|   0|    1|          0|
    |icmp_ln371_reg_2781                     |   1|   0|    1|          0|
    |icmp_ln385_reg_2805                     |   1|   0|    1|          0|
    |reg_986                                 |  64|   0|   64|          0|
    |reg_991                                 |  64|   0|   64|          0|
    |reg_996                                 |  64|   0|   64|          0|
    |round_0_reg_755                         |   5|   0|    5|          0|
    |round_reg_2472                          |   5|   0|    5|          0|
    |state_addr_26_reg_2551                  |   4|   0|    5|          1|
    |state_load_3_reg_2522                   |  64|   0|   64|          0|
    |t0_2_reg_831                            |  64|   0|   64|          0|
    |t0_4_reg_862                            |  64|   0|   64|          0|
    |t0_6_reg_893                            |  64|   0|   64|          0|
    |t0_8_reg_924                            |  64|   0|   64|          0|
    |t0_9_reg_955                            |  64|   0|   64|          0|
    |t0_reg_2575                             |  64|   0|   64|          0|
    |t1_1_reg_2626                           |  64|   0|   64|          0|
    |t1_2_reg_840                            |  64|   0|   64|          0|
    |t1_3_reg_2678                           |  64|   0|   64|          0|
    |t1_4_reg_871                            |  64|   0|   64|          0|
    |t1_5_reg_2712                           |  64|   0|   64|          0|
    |t1_6_reg_902                            |  64|   0|   64|          0|
    |t1_7_reg_2756                           |  64|   0|   64|          0|
    |t1_8_reg_933                            |  64|   0|   64|          0|
    |t1_9_reg_964                            |  64|   0|   64|          0|
    |t2_1_reg_2637                           |  64|   0|   64|          0|
    |t2_3_reg_2683                           |  64|   0|   64|          0|
    |t2_5_reg_2717                           |  64|   0|   64|          0|
    |t2_7_reg_2766                           |  64|   0|   64|          0|
    |var2_load_1_reg_2620                    |  64|   0|   64|          0|
    |var2_load_2_reg_2631                    |  64|   0|   64|          0|
    |var2_load_3_reg_2642                    |  64|   0|   64|          0|
    |var2_load_4_reg_2648                    |  64|   0|   64|          0|
    |var2_load_reg_2614                      |  64|   0|   64|          0|
    |xor_ln344_reg_2746                      |  64|   0|   64|          0|
    |xor_ln347_reg_2751                      |  64|   0|   64|          0|
    |xor_ln349_reg_2761                      |  64|   0|   64|          0|
    |xor_ln351_reg_2771                      |  64|   0|   64|          0|
    |xor_ln353_reg_2776                      |  64|   0|   64|          0|
    |zext_ln149_1_reg_2492                   |   3|   0|    4|          1|
    |zext_ln149_reg_2486                     |   3|   0|    5|          2|
    |zext_ln152_reg_2497                     |   3|   0|   64|         61|
    |zext_ln388_reg_2814                     |   5|   0|   64|         59|
    +----------------------------------------+----+----+-----+-----------+
    |Total                                   |2273|   0| 2397|        124|
    +----------------------------------------+----+----+-----+-----------+



================================================================
== Interface
================================================================
* Summary: 
+-----------------------+-----+-----+------------+--------------------------+--------------+
|       RTL Ports       | Dir | Bits|  Protocol  |       Source Object      |    C Type    |
+-----------------------+-----+-----+------------+--------------------------+--------------+
|ap_clk                 |  in |    1| ap_ctrl_hs | KeccakF1600_StatePermute | return value |
|ap_rst                 |  in |    1| ap_ctrl_hs | KeccakF1600_StatePermute | return value |
|ap_start               |  in |    1| ap_ctrl_hs | KeccakF1600_StatePermute | return value |
|ap_done                | out |    1| ap_ctrl_hs | KeccakF1600_StatePermute | return value |
|ap_idle                | out |    1| ap_ctrl_hs | KeccakF1600_StatePermute | return value |
|ap_ready               | out |    1| ap_ctrl_hs | KeccakF1600_StatePermute | return value |
|state_address0         | out |    5|  ap_memory |           state          |     array    |
|state_ce0              | out |    1|  ap_memory |           state          |     array    |
|state_we0              | out |    1|  ap_memory |           state          |     array    |
|state_d0               | out |   64|  ap_memory |           state          |     array    |
|state_q0               |  in |   64|  ap_memory |           state          |     array    |
|state_address1         | out |    5|  ap_memory |           state          |     array    |
|state_ce1              | out |    1|  ap_memory |           state          |     array    |
|state_we1              | out |    1|  ap_memory |           state          |     array    |
|state_d1               | out |   64|  ap_memory |           state          |     array    |
|state_q1               |  in |   64|  ap_memory |           state          |     array    |
|keccak_count_i         |  in |   32|   ap_ovld  |       keccak_count       |    pointer   |
|keccak_count_o         | out |   32|   ap_ovld  |       keccak_count       |    pointer   |
|keccak_count_o_ap_vld  | out |    1|   ap_ovld  |       keccak_count       |    pointer   |
+-----------------------+-----+-----+------------+--------------------------+--------------+

